05/05/2021 07:44:56 PM:CRITICAL:logtest logger:It is a critical message from Test Module
05/05/2021 07:44:56 PM:ERROR:logtest logger:It is error message from Test Module
05/05/2021 07:44:56 PM:WARNING:logtest logger:It is warning message from Test Module
05/05/2021 07:44:56 PM:INFO:logtest logger:It is info message from Test Module
05/05/2021 07:44:56 PM:DEBUG:logtest logger:It is debug message from Test Module
05/05/2021 08:11:54 PM:CRITICAL:f1 logger:It is a critical message from f1
05/05/2021 08:11:54 PM:ERROR:f1 logger:It is error message from f1
05/05/2021 08:11:54 PM:WARNING:f1 logger:It is warning message from f1
05/05/2021 08:11:54 PM:INFO:f1 logger:It is info message from f1
05/05/2021 08:11:54 PM:DEBUG:f1 logger:It is debug message from f1
05/05/2021 08:11:54 PM:CRITICAL:f2 logger:It is a critical message from f2
05/05/2021 08:11:54 PM:ERROR:f2 logger:It is error message from f2
05/05/2021 08:11:54 PM:WARNING:f2 logger:It is warning message from f2
05/05/2021 08:11:54 PM:CRITICAL:f3 logger:It is a critical message from f3
05/05/2021 08:11:54 PM:ERROR:f3 logger:It is error message from f3
05/05/2021 08:11:54 PM:WARNING:f3 logger:It is warning message from f3
05/05/2021 08:11:54 PM:INFO:f3 logger:It is info message from f3
05/05/2021 08:28:56 PM:CRITICAL:f1 logger:It is a critical message from f1
05/05/2021 08:28:56 PM:CRITICAL:f1 logger:It is a critical message from f1
05/05/2021 08:28:56 PM:ERROR:f1 logger:It is error message from f1
05/05/2021 08:28:56 PM:ERROR:f1 logger:It is error message from f1
05/05/2021 08:28:56 PM:WARNING:f1 logger:It is warning message from f1
05/05/2021 08:28:56 PM:WARNING:f1 logger:It is warning message from f1
05/05/2021 08:28:56 PM:INFO:f1 logger:It is info message from f1
05/05/2021 08:28:56 PM:INFO:f1 logger:It is info message from f1
05/05/2021 08:28:56 PM:DEBUG:f1 logger:It is debug message from f1
05/05/2021 08:28:56 PM:DEBUG:f1 logger:It is debug message from f1
05/05/2021 08:28:56 PM:CRITICAL:f2 logger:It is a critical message from f2
05/05/2021 08:28:56 PM:CRITICAL:f2 logger:It is a critical message from f2
05/05/2021 08:28:56 PM:ERROR:f2 logger:It is error message from f2
05/05/2021 08:28:56 PM:ERROR:f2 logger:It is error message from f2
05/05/2021 08:28:56 PM:WARNING:f2 logger:It is warning message from f2
05/05/2021 08:28:56 PM:WARNING:f2 logger:It is warning message from f2
05/05/2021 08:28:56 PM:CRITICAL:f3 logger:It is a critical message from f3
05/05/2021 08:28:56 PM:CRITICAL:f3 logger:It is a critical message from f3
05/05/2021 08:28:56 PM:ERROR:f3 logger:It is error message from f3
05/05/2021 08:28:56 PM:ERROR:f3 logger:It is error message from f3
05/05/2021 08:28:56 PM:WARNING:f3 logger:It is warning message from f3
05/05/2021 08:28:56 PM:WARNING:f3 logger:It is warning message from f3
05/05/2021 08:28:56 PM:INFO:f3 logger:It is info message from f3
05/05/2021 08:28:56 PM:INFO:f3 logger:It is info message from f3
05/05/2021 08:31:18 PM:CRITICAL:f1 logger:It is a critical message from f1
05/05/2021 08:31:18 PM:CRITICAL:f1 logger:It is a critical message from f1
05/05/2021 08:31:18 PM:ERROR:f1 logger:It is error message from f1
05/05/2021 08:31:18 PM:ERROR:f1 logger:It is error message from f1
05/05/2021 08:31:18 PM:WARNING:f1 logger:It is warning message from f1
05/05/2021 08:31:18 PM:WARNING:f1 logger:It is warning message from f1
05/05/2021 08:31:18 PM:INFO:f1 logger:It is info message from f1
05/05/2021 08:31:18 PM:INFO:f1 logger:It is info message from f1
05/05/2021 08:31:18 PM:DEBUG:f1 logger:It is debug message from f1
05/05/2021 08:31:18 PM:DEBUG:f1 logger:It is debug message from f1
05/05/2021 08:31:18 PM:CRITICAL:f2 logger:It is a critical message from f2
05/05/2021 08:31:18 PM:CRITICAL:f2 logger:It is a critical message from f2
05/05/2021 08:31:18 PM:ERROR:f2 logger:It is error message from f2
05/05/2021 08:31:18 PM:ERROR:f2 logger:It is error message from f2
05/05/2021 08:31:18 PM:WARNING:f2 logger:It is warning message from f2
05/05/2021 08:31:18 PM:WARNING:f2 logger:It is warning message from f2
05/05/2021 08:31:18 PM:CRITICAL:f3 logger:It is a critical message from f3
05/05/2021 08:31:18 PM:CRITICAL:f3 logger:It is a critical message from f3
05/05/2021 08:31:18 PM:ERROR:f3 logger:It is error message from f3
05/05/2021 08:31:18 PM:ERROR:f3 logger:It is error message from f3
05/05/2021 08:31:18 PM:WARNING:f3 logger:It is warning message from f3
05/05/2021 08:31:18 PM:WARNING:f3 logger:It is warning message from f3
05/05/2021 08:31:18 PM:INFO:f3 logger:It is info message from f3
05/05/2021 08:31:18 PM:INFO:f3 logger:It is info message from f3
